2017-08-17 09:21:05.535108
ok
http://china.nba.com/a/20170817/005838.htm http://img1.gtimg.com/chinanba/pics/hv1/79/144/2232/145172599.jpg 尼克斯无意在任何交易中加入波尔津吉斯
http://nbachina.qq.com/a/20170817/010669.htm 戈贝尔：我不在乎个人荣誉 只想进步与赢球
2017-08-17 09:22:14.761247
2017-08-17 09:22:29.769989
ok
2017-08-17 09:23:34.915616
2017-08-17 09:23:49.930807
ok
2017-08-17 09:24:52.948998
2017-08-17 09:25:07.954784
ok
2017-08-17 09:26:14.629834
2017-08-17 09:26:29.637280
ok
http://nbachina.qq.com/a/20170817/011861.htm 前湖人球员托米-霍金斯今日辞世 享年80岁
2017-08-17 09:27:39.430651
2017-08-17 09:27:54.445843
ok
2017-08-17 09:29:02.731043
2017-08-17 09:29:17.743385
ok
2017-08-17 09:30:23.747909
2017-08-17 09:30:38.763085
ok
2017-08-17 09:31:45.057202
2017-08-17 09:32:00.072352
ok
2017-08-17 09:33:04.760310
2017-08-17 09:33:19.775488
ok
2017-08-17 09:34:26.807176
2017-08-17 09:34:42.487754
ok
2017-08-17 09:35:47.232556
2017-08-17 09:36:02.247575
ok
2017-08-17 09:37:06.974850
2017-08-17 09:37:21.989975
ok
http://nbachina.qq.com/a/20170817/013036.htm 曝詹欧上周迈阿密会面 没有激励的讨论
2017-08-17 09:38:28.296503
2017-08-17 09:38:43.311524
ok
2017-08-17 09:39:45.934514
2017-08-17 09:40:00.944813
ok
http://nbachina.qq.com/a/20170817/013145.htm 名记：关于詹姆斯将在明夏离队的消息失实
2017-08-17 09:41:07.587007
2017-08-17 09:41:22.595405
ok
2017-08-17 09:42:25.251979
2017-08-17 09:42:40.267167
ok
2017-08-17 09:43:46.903664
2017-08-17 09:44:01.916551
ok
http://nbachina.qq.com/a/20170817/013504.htm 球哥或成下一个科比？沃顿：一切皆有可能
2017-08-17 09:45:06.112448
2017-08-17 09:45:21.127556
ok
2017-08-17 09:46:25.034317
2017-08-17 09:46:40.049504
ok
2017-08-17 09:47:42.949183
2017-08-17 09:47:57.960525
ok
2017-08-17 09:49:08.100550
2017-08-17 09:49:23.115749
ok
2017-08-17 09:50:28.016301
2017-08-17 09:50:43.028448
ok
2017-08-17 09:51:48.016526
2017-08-17 09:52:03.021516
ok
2017-08-17 09:53:12.475461
2017-08-17 09:53:27.484042
ok
2017-08-17 09:54:40.490164
2017-08-17 09:54:55.503169
ok
2017-08-17 09:55:59.742885
2017-08-17 09:56:14.750871
ok
2017-08-17 09:57:19.035961
2017-08-17 09:57:34.051055
ok
http://nbachina.qq.com/a/20170817/014497.htm 曝米罗蒂奇续约没有进展 或接受资质报价
2017-08-17 09:58:41.101347
2017-08-17 09:58:56.102854
ok
2017-08-17 10:00:00.584653
2017-08-17 10:00:15.599831
ok
2017-08-17 10:01:25.117304
2017-08-17 10:01:40.132488
ok
2017-08-17 10:02:45.640958
2017-08-17 10:03:00.650442
ok
2017-08-17 10:04:09.211137
2017-08-17 10:04:24.221187
ok
2017-08-17 10:05:31.268139
2017-08-17 10:05:46.283368
ok
2017-08-17 10:06:50.345487
2017-08-17 10:07:05.356602
ok
http://china.nba.com/a/20170817/015249.htm http://img1.gtimg.com/chinanba/pics/hv1/14/160/2232/145176614.jpg 卡明斯基成为NBA上赛季的“平均先生”
http://nbachina.qq.com/a/20170817/015249.htm 卡明斯基成为NBA上赛季的“平均先生”
2017-08-17 10:08:14.351326
2017-08-17 10:08:29.366481
ok
2017-08-17 10:09:35.229389
2017-08-17 10:09:50.244545
ok
2017-08-17 10:10:53.578420
2017-08-17 10:11:08.594034
ok
2017-08-17 10:12:15.953549
2017-08-17 10:12:30.967132
ok
2017-08-17 10:13:37.559384
2017-08-17 10:13:52.574002
ok
2017-08-17 10:14:57.418540
2017-08-17 10:15:12.433687
ok
2017-08-17 10:16:23.406104
2017-08-17 10:16:38.407304
ok
2017-08-17 10:17:47.450451
2017-08-17 10:18:02.465578
ok
2017-08-17 10:19:09.598980
2017-08-17 10:19:24.614188
ok
2017-08-17 10:20:32.019045
2017-08-17 10:20:47.024979
ok
2017-08-17 10:21:59.004914
2017-08-17 10:22:14.009432
ok
2017-08-17 10:23:22.449358
2017-08-17 10:23:37.464434
ok
2017-08-17 10:24:51.992186
2017-08-17 10:25:06.996859
ok
http://nbachina.qq.com/a/20170817/016369.htm 利拉德正在创作第二张rap专辑 发行时间待定
2017-08-17 10:26:19.074933
2017-08-17 10:26:34.080900
ok
2017-08-17 10:27:43.236806
2017-08-17 10:27:58.243192
ok
http://china.nba.com/a/20170817/016494.htm http://img1.gtimg.com/chinanba/pics/hv1/243/162/2232/145177353.jpg 业界典范 ESPN盘点凯尔特人重建之路
http://nbachina.qq.com/a/20170817/016494.htm 业界典范 ESPN盘点凯尔特人重建之路
2017-08-17 10:29:07.034158
2017-08-17 10:29:22.038326
ok
2017-08-17 10:30:35.834446
2017-08-17 10:30:50.841921
ok
2017-08-17 10:32:04.149410
2017-08-17 10:32:19.155423
ok
2017-08-17 10:33:27.943866
2017-08-17 10:33:42.959033
ok
2017-08-17 10:34:54.249440
2017-08-17 10:35:09.263978
ok
2017-08-17 10:36:16.471705
2017-08-17 10:36:31.486834
ok
2017-08-17 10:37:40.224946
2017-08-17 10:37:55.236863
ok
2017-08-17 10:39:13.982787
2017-08-17 10:39:28.990226
ok
2017-08-17 10:40:41.469336
2017-08-17 10:40:56.484520
ok
http://nbachina.qq.com/a/20170817/017293.htm 戈贝尔专访：新赛季将捍卫球队在联盟的地位
2017-08-17 10:42:01.493058
2017-08-17 10:42:16.504774
ok
2017-08-17 10:43:24.285139
2017-08-17 10:43:39.300332
ok
2017-08-17 10:44:57.452286
2017-08-17 10:45:12.467219
ok
2017-08-17 10:46:22.446979
2017-08-17 10:46:37.458475
ok
2017-08-17 10:47:45.220977
2017-08-17 10:48:00.236096
ok
2017-08-17 10:49:07.934701
2017-08-17 10:49:22.949861
ok
2017-08-17 10:50:28.809779
2017-08-17 10:50:43.823773
ok
http://nbachina.qq.com/a/20170817/017791.htm 掘金正式聘请鲍勃-韦斯担任球队助理教练
2017-08-17 10:51:58.246444
2017-08-17 10:52:13.261624
ok
2017-08-17 10:53:37.216728
2017-08-17 10:53:52.222183
ok
2017-08-17 10:55:13.666731
2017-08-17 10:55:28.681935
ok
2017-08-17 10:56:30.156080
2017-08-17 10:56:45.167086
ok
2017-08-17 10:57:51.800479
2017-08-17 10:58:06.815651
ok
2017-08-17 10:59:15.856414
2017-08-17 10:59:30.871590
ok
2017-08-17 11:00:54.267408
2017-08-17 11:01:09.282555
ok
2017-08-17 11:02:27.721413
2017-08-17 11:02:42.736598
ok
2017-08-17 11:03:52.598440
2017-08-17 11:04:07.604699
ok
2017-08-17 11:05:18.891778
2017-08-17 11:05:33.899671
ok
2017-08-17 11:06:40.067158
2017-08-17 11:06:55.081158
ok
2017-08-17 11:08:13.539671
2017-08-17 11:08:28.554371
ok
2017-08-17 11:10:01.731811
2017-08-17 11:10:16.743811
bu
2017-08-17 11:11:49.204759
2017-08-17 11:12:04.205838
ok
2017-08-17 11:13:38.910546
2017-08-17 11:13:53.914382
ok
2017-08-17 11:14:59.919809
2017-08-17 11:15:14.923901
ok
http://nbachina.qq.com/a/20170817/019289.htm 约什晒照：与保罗哈登周琦一起合练
2017-08-17 11:16:18.991560
2017-08-17 11:16:34.006695
ok
2017-08-17 11:17:39.964807
2017-08-17 11:17:54.973740
ok
2017-08-17 11:18:59.062400
2017-08-17 11:19:14.066433
ok
2017-08-17 11:20:20.758469
2017-08-17 11:20:35.773622
ok
2017-08-17 11:21:40.158491
2017-08-17 11:21:55.170325
ok
2017-08-17 11:22:57.995143
2017-08-17 11:23:13.007253
ok
2017-08-17 11:24:15.502388
2017-08-17 11:24:30.517653
ok
2017-08-17 11:25:41.878539
2017-08-17 11:25:56.893781
ok
2017-08-17 11:27:01.179897
2017-08-17 11:27:16.195106
ok
2017-08-17 11:28:19.083269
2017-08-17 11:28:34.098435
ok
2017-08-17 11:29:37.913924
2017-08-17 11:29:52.917363
ok
2017-08-17 11:31:04.001627
2017-08-17 11:31:19.008176
ok
2017-08-17 11:32:26.049373
2017-08-17 11:32:41.057293
ok
2017-08-17 11:33:51.062341
2017-08-17 11:34:06.077499
ok
2017-08-17 11:35:08.679611
2017-08-17 11:35:23.684624
ok
http://nbachina.qq.com/a/20170817/020583.htm 洛文吉：幸能加盟马刺 球队风格很适合我
2017-08-17 11:36:29.944450
2017-08-17 11:36:44.958347
ok
2017-08-17 11:37:49.970521
2017-08-17 11:38:04.500764
ok
2017-08-17 11:39:08.618635
2017-08-17 11:39:23.622411
ok
2017-08-17 11:40:29.236428
2017-08-17 11:40:44.251616
ok
2017-08-17 11:41:52.973799
2017-08-17 11:42:07.989004
ok
2017-08-17 11:43:14.417640
2017-08-17 11:43:28.978862
ok
2017-08-17 11:44:35.320805
2017-08-17 11:44:50.324215
ok
2017-08-17 11:45:55.677786
2017-08-17 11:46:10.691551
ok
2017-08-17 11:47:17.064786
2017-08-17 11:47:32.076332
ok
2017-08-17 11:48:40.740828
2017-08-17 11:48:55.756012
ok
2017-08-17 11:50:04.344201
2017-08-17 11:50:19.355513
ok
2017-08-17 11:51:25.791454
2017-08-17 11:51:40.799544
ok
2017-08-17 11:52:48.183560
2017-08-17 11:53:03.191528
ok
2017-08-17 11:54:07.601755
2017-08-17 11:54:21.892628
ok
2017-08-17 11:55:24.936787
2017-08-17 11:55:39.948548
ok
2017-08-17 11:56:43.461141
2017-08-17 11:56:58.476310